<?xml version="1.0" encoding="UTF-8"?>
<testsuite xmlns:xsi="http://www.w3.org/2001/XMLSchema-instance" xsi:noNamespaceSchemaLocation="https://maven.apache.org/surefire/maven-surefire-plugin/xsd/surefire-test-report-3.0.xsd" version="3.0" name="org.eclipse.leshan.core.node.codec.LwM2mNodeDecoderTest" time="0.396" tests="330" errors="0" skipped="0" failures="0">
  <properties>
[...]
</properties>
  <testcase name="senml_timestamped_instances(String)[1]" classname="org.eclipse.leshan.core.node.codec.LwM2mNodeDecoderTest" time="0.007"/>
  <testcase name="senml_timestamped_instances(String)[2]" classname="org.eclipse.leshan.core.node.codec.LwM2mNodeDecoderTest" time="0.001"/>
  <testcase name="senml_timestamped_instances(String)[3]" classname="org.eclipse.leshan.core.node.codec.LwM2mNodeDecoderTest" time="0.001"/>
  <testcase name="senml_timestamped_instances(String)[4]" classname="org.eclipse.leshan.core.node.codec.LwM2mNodeDecoderTest" time="0.001"/>
  <testcase name="senml_timestamped_instances(String)[5]" classname="org.eclipse.leshan.core.node.codec.LwM2mNodeDecoderTest" time="0.001"/>
  <testcase name="senml_json_decode_opaque_resource(String)[1]" classname="org.eclipse.leshan.core.node.codec.LwM2mNodeDecoderTest" time="0.002"/>
  <testcase name="senml_json_decode_opaque_resource(String)[2]" classname="org.eclipse.leshan.core.node.codec.LwM2mNodeDecoderTest" time="0.001"/>
  <testcase name="senml_json_decode_opaque_resource(String)[3]" classname="org.eclipse.leshan.core.node.codec.LwM2mNodeDecoderTest" time="0.001"/>
  <testcase name="senml_json_decode_opaque_resource(String)[4]" classname="org.eclipse.leshan.core.node.codec.LwM2mNodeDecoderTest" time="0.001"/>
  <testcase name="senml_json_decode_opaque_resource(String)[5]" classname="org.eclipse.leshan.core.node.codec.LwM2mNodeDecoderTest" time="0.0"/>
  <testcase name="tlv_empty_single_resource(String)[1]" classname="org.eclipse.leshan.core.node.codec.LwM2mNodeDecoderTest" time="0.001"/>
  <testcase name="tlv_empty_single_resource(String)[2]" classname="org.eclipse.leshan.core.node.codec.LwM2mNodeDecoderTest" time="0.0"/>
  <testcase name="tlv_empty_single_resource(String)[3]" classname="org.eclipse.leshan.core.node.codec.LwM2mNodeDecoderTest" time="0.001"/>
  <testcase name="tlv_empty_single_resource(String)[4]" classname="org.eclipse.leshan.core.node.codec.LwM2mNodeDecoderTest" time="0.0"/>
  <testcase name="tlv_empty_single_resource(String)[5]" classname="org.eclipse.leshan.core.node.codec.LwM2mNodeDecoderTest" time="0.0"/>
  <testcase name="tlv_empty_instance(String)[1]" classname="org.eclipse.leshan.core.node.codec.LwM2mNodeDecoderTest" time="0.001"/>
  <testcase name="tlv_empty_instance(String)[2]" classname="org.eclipse.leshan.core.node.codec.LwM2mNodeDecoderTest" time="0.001"/>
  <testcase name="tlv_empty_instance(String)[3]" classname="org.eclipse.leshan.core.node.codec.LwM2mNodeDecoderTest" time="0.001"/>
  <testcase name="tlv_empty_instance(String)[4]" classname="org.eclipse.leshan.core.node.codec.LwM2mNodeDecoderTest" time="0.0"/>
  <testcase name="tlv_empty_instance(String)[5]" classname="org.eclipse.leshan.core.node.codec.LwM2mNodeDecoderTest" time="0.0"/>
  <testcase name="tlv_unknown_object__missing_instance_tlv(String)[1]" classname="org.eclipse.leshan.core.node.codec.LwM2mNodeDecoderTest" time="0.001"/>
  <testcase name="tlv_unknown_object__missing_instance_tlv(String)[2]" classname="org.eclipse.leshan.core.node.codec.LwM2mNodeDecoderTest" time="0.001"/>
  <testcase name="tlv_unknown_object__missing_instance_tlv(String)[3]" classname="org.eclipse.leshan.core.node.codec.LwM2mNodeDecoderTest" time="0.0"/>
  <testcase name="tlv_unknown_object__missing_instance_tlv(String)[4]" classname="org.eclipse.leshan.core.node.codec.LwM2mNodeDecoderTest" time="0.001"/>
  <testcase name="tlv_unknown_object__missing_instance_tlv(String)[5]" classname="org.eclipse.leshan.core.node.codec.LwM2mNodeDecoderTest" time="0.0"/>
  <testcase name="senml_json_decode_acl_object(String)[1]" classname="org.eclipse.leshan.core.node.codec.LwM2mNodeDecoderTest" time="0.001"/>
  <testcase name="senml_json_decode_acl_object(String)[2]" classname="org.eclipse.leshan.core.node.codec.LwM2mNodeDecoderTest" time="0.0"/>
  <testcase name="senml_json_decode_acl_object(String)[3]" classname="org.eclipse.leshan.core.node.codec.LwM2mNodeDecoderTest" time="0.0"/>
  <testcase name="senml_json_decode_acl_object(String)[4]" classname="org.eclipse.leshan.core.node.codec.LwM2mNodeDecoderTest" time="0.001"/>
  <testcase name="senml_json_decode_acl_object(String)[5]" classname="org.eclipse.leshan.core.node.codec.LwM2mNodeDecoderTest" time="0.001"/>
  <testcase name="text_manufacturer_resource(String)[1]" classname="org.eclipse.leshan.core.node.codec.LwM2mNodeDecoderTest" time="0.001"/>
  <testcase name="text_manufacturer_resource(String)[2]" classname="org.eclipse.leshan.core.node.codec.LwM2mNodeDecoderTest" time="0.0"/>
  <testcase name="text_manufacturer_resource(String)[3]" classname="org.eclipse.leshan.core.node.codec.LwM2mNodeDecoderTest" time="0.001"/>
  <testcase name="text_manufacturer_resource(String)[4]" classname="org.eclipse.leshan.core.node.codec.LwM2mNodeDecoderTest" time="0.001"/>
  <testcase name="text_manufacturer_resource(String)[5]" classname="org.eclipse.leshan.core.node.codec.LwM2mNodeDecoderTest" time="0.0"/>
  <testcase name="json_missing_value_for_resource(String)[1]" classname="org.eclipse.leshan.core.node.codec.LwM2mNodeDecoderTest" time="0.001"/>
  <testcase name="json_missing_value_for_resource(String)[2]" classname="org.eclipse.leshan.core.node.codec.LwM2mNodeDecoderTest" time="0.0"/>
  <testcase name="json_missing_value_for_resource(String)[3]" classname="org.eclipse.leshan.core.node.codec.LwM2mNodeDecoderTest" time="0.0"/>
  <testcase name="json_missing_value_for_resource(String)[4]" classname="org.eclipse.leshan.core.node.codec.LwM2mNodeDecoderTest" time="0.0"/>
  <testcase name="json_missing_value_for_resource(String)[5]" classname="org.eclipse.leshan.core.node.codec.LwM2mNodeDecoderTest" time="0.001"/>
  <testcase name="senml_cbor_empty_multi_resource(String)[1]" classname="org.eclipse.leshan.core.node.codec.LwM2mNodeDecoderTest" time="0.0"/>
  <testcase name="senml_cbor_empty_multi_resource(String)[2]" classname="org.eclipse.leshan.core.node.codec.LwM2mNodeDecoderTest" time="0.0"/>
  <testcase name="senml_cbor_empty_multi_resource(String)[3]" classname="org.eclipse.leshan.core.node.codec.LwM2mNodeDecoderTest" time="0.0"/>
  <testcase name="senml_cbor_empty_multi_resource(String)[4]" classname="org.eclipse.leshan.core.node.codec.LwM2mNodeDecoderTest" time="0.001"/>
  <testcase name="senml_cbor_empty_multi_resource(String)[5]" classname="org.eclipse.leshan.core.node.codec.LwM2mNodeDecoderTest" time="0.0"/>
  <testcase name="json_custom_object_instance(String)[1]" classname="org.eclipse.leshan.core.node.codec.LwM2mNodeDecoderTest" time="0.001"/>
  <testcase name="json_custom_object_instance(String)[2]" classname="org.eclipse.leshan.core.node.codec.LwM2mNodeDecoderTest" time="0.001"/>
  <testcase name="json_custom_object_instance(String)[3]" classname="org.eclipse.leshan.core.node.codec.LwM2mNodeDecoderTest" time="0.001"/>
  <testcase name="json_custom_object_instance(String)[4]" classname="org.eclipse.leshan.core.node.codec.LwM2mNodeDecoderTest" time="0.001"/>
  <testcase name="json_custom_object_instance(String)[5]" classname="org.eclipse.leshan.core.node.codec.LwM2mNodeDecoderTest" time="0.001"/>
  <testcase name="tlv_empty_multi_resource(String)[1]" classname="org.eclipse.leshan.core.node.codec.LwM2mNodeDecoderTest" time="0.0"/>
  <testcase name="tlv_empty_multi_resource(String)[2]" classname="org.eclipse.leshan.core.node.codec.LwM2mNodeDecoderTest" time="0.0"/>
  <testcase name="tlv_empty_multi_resource(String)[3]" classname="org.eclipse.leshan.core.node.codec.LwM2mNodeDecoderTest" time="0.001"/>
  <testcase name="tlv_empty_multi_resource(String)[4]" classname="org.eclipse.leshan.core.node.codec.LwM2mNodeDecoderTest" time="0.001"/>
  <testcase name="tlv_empty_multi_resource(String)[5]" classname="org.eclipse.leshan.core.node.codec.LwM2mNodeDecoderTest" time="0.001"/>
  <testcase name="senml_json_decode_mixed_resource_and_instance(String)[1]" classname="org.eclipse.leshan.core.node.codec.LwM2mNodeDecoderTest" time="0.001"/>
  <testcase name="senml_json_decode_mixed_resource_and_instance(String)[2]" classname="org.eclipse.leshan.core.node.codec.LwM2mNodeDecoderTest" time="0.001"/>
  <testcase name="senml_json_decode_mixed_resource_and_instance(String)[3]" classname="org.eclipse.leshan.core.node.codec.LwM2mNodeDecoderTest" time="0.001"/>
  <testcase name="senml_json_decode_mixed_resource_and_instance(String)[4]" classname="org.eclipse.leshan.core.node.codec.LwM2mNodeDecoderTest" time="0.001"/>
  <testcase name="senml_json_decode_mixed_resource_and_instance(String)[5]" classname="org.eclipse.leshan.core.node.codec.LwM2mNodeDecoderTest" time="0.001"/>
  <testcase name="senml_json_decode_long(String)[1]" classname="org.eclipse.leshan.core.node.codec.LwM2mNodeDecoderTest" time="0.001"/>
  <testcase name="senml_json_decode_long(String)[2]" classname="org.eclipse.leshan.core.node.codec.LwM2mNodeDecoderTest" time="0.001"/>
  <testcase name="senml_json_decode_long(String)[3]" classname="org.eclipse.leshan.core.node.codec.LwM2mNodeDecoderTest" time="0.001"/>
  <testcase name="senml_json_decode_long(String)[4]" classname="org.eclipse.leshan.core.node.codec.LwM2mNodeDecoderTest" time="0.001"/>
  <testcase name="senml_json_decode_long(String)[5]" classname="org.eclipse.leshan.core.node.codec.LwM2mNodeDecoderTest" time="0.001"/>
  <testcase name="tlv_server_object_multi_instance_with_only_1_instance(String)[1]" classname="org.eclipse.leshan.core.node.codec.LwM2mNodeDecoderTest" time="0.001"/>
  <testcase name="tlv_server_object_multi_instance_with_only_1_instance(String)[2]" classname="org.eclipse.leshan.core.node.codec.LwM2mNodeDecoderTest" time="0.0"/>
  <testcase name="tlv_server_object_multi_instance_with_only_1_instance(String)[3]" classname="org.eclipse.leshan.core.node.codec.LwM2mNodeDecoderTest" time="0.0"/>
  <testcase name="tlv_server_object_multi_instance_with_only_1_instance(String)[4]" classname="org.eclipse.leshan.core.node.codec.LwM2mNodeDecoderTest" time="0.0"/>
  <testcase name="tlv_server_object_multi_instance_with_only_1_instance(String)[5]" classname="org.eclipse.leshan.core.node.codec.LwM2mNodeDecoderTest" time="0.0"/>
  <testcase name="tlv_empty_object(String)[1]" classname="org.eclipse.leshan.core.node.codec.LwM2mNodeDecoderTest" time="0.001"/>
  <testcase name="tlv_empty_object(String)[2]" classname="org.eclipse.leshan.core.node.codec.LwM2mNodeDecoderTest" time="0.0"/>
  <testcase name="tlv_empty_object(String)[3]" classname="org.eclipse.leshan.core.node.codec.LwM2mNodeDecoderTest" time="0.0"/>
  <testcase name="tlv_empty_object(String)[4]" classname="org.eclipse.leshan.core.node.codec.LwM2mNodeDecoderTest" time="0.0"/>
  <testcase name="tlv_empty_object(String)[5]" classname="org.eclipse.leshan.core.node.codec.LwM2mNodeDecoderTest" time="0.0"/>
  <testcase name="tlv_multi_instance_with_obj_link(String)[1]" classname="org.eclipse.leshan.core.node.codec.LwM2mNodeDecoderTest" time="0.001"/>
  <testcase name="tlv_multi_instance_with_obj_link(String)[2]" classname="org.eclipse.leshan.core.node.codec.LwM2mNodeDecoderTest" time="0.0"/>
  <testcase name="tlv_multi_instance_with_obj_link(String)[3]" classname="org.eclipse.leshan.core.node.codec.LwM2mNodeDecoderTest" time="0.0"/>
  <testcase name="tlv_multi_instance_with_obj_link(String)[4]" classname="org.eclipse.leshan.core.node.codec.LwM2mNodeDecoderTest" time="0.0"/>
  <testcase name="tlv_multi_instance_with_obj_link(String)[5]" classname="org.eclipse.leshan.core.node.codec.LwM2mNodeDecoderTest" time="0.0"/>
  <testcase name="json_device_object_instance0_without_basename(String)[1]" classname="org.eclipse.leshan.core.node.codec.LwM2mNodeDecoderTest" time="0.002"/>
  <testcase name="json_device_object_instance0_without_basename(String)[2]" classname="org.eclipse.leshan.core.node.codec.LwM2mNodeDecoderTest" time="0.001"/>
  <testcase name="json_device_object_instance0_without_basename(String)[3]" classname="org.eclipse.leshan.core.node.codec.LwM2mNodeDecoderTest" time="0.001"/>
  <testcase name="json_device_object_instance0_without_basename(String)[4]" classname="org.eclipse.leshan.core.node.codec.LwM2mNodeDecoderTest" time="0.001"/>
  <testcase name="json_device_object_instance0_without_basename(String)[5]" classname="org.eclipse.leshan.core.node.codec.LwM2mNodeDecoderTest" time="0.001"/>
  <testcase name="senml_json_decode_path_using_base_name(String)[1]" classname="org.eclipse.leshan.core.node.codec.LwM2mNodeDecoderTest" time="0.001"/>
  <testcase name="senml_json_decode_path_using_base_name(String)[2]" classname="org.eclipse.leshan.core.node.codec.LwM2mNodeDecoderTest" time="0.001"/>
  <testcase name="senml_json_decode_path_using_base_name(String)[3]" classname="org.eclipse.leshan.core.node.codec.LwM2mNodeDecoderTest" time="0.0"/>
  <testcase name="senml_json_decode_path_using_base_name(String)[4]" classname="org.eclipse.leshan.core.node.codec.LwM2mNodeDecoderTest" time="0.0"/>
  <testcase name="senml_json_decode_path_using_base_name(String)[5]" classname="org.eclipse.leshan.core.node.codec.LwM2mNodeDecoderTest" time="0.0"/>
  <testcase name="decode_null_multi_resource(ContentFormat)[1]" classname="org.eclipse.leshan.core.node.codec.LwM2mNodeDecoderTest" time="0.001"/>
  <testcase name="decode_null_multi_resource(ContentFormat)[2]" classname="org.eclipse.leshan.core.node.codec.LwM2mNodeDecoderTest" time="0.0"/>
  <testcase name="decode_null_multi_resource(ContentFormat)[3]" classname="org.eclipse.leshan.core.node.codec.LwM2mNodeDecoderTest" time="0.0"/>
  <testcase name="text_decode_should_throw_an_exception_for_invalid_base64(String)[1]" classname="org.eclipse.leshan.core.node.codec.LwM2mNodeDecoderTest" time="0.001"/>
  <testcase name="text_decode_should_throw_an_exception_for_invalid_base64(String)[2]" classname="org.eclipse.leshan.core.node.codec.LwM2mNodeDecoderTest" time="0.001"/>
  <testcase name="text_decode_should_throw_an_exception_for_invalid_base64(String)[3]" classname="org.eclipse.leshan.core.node.codec.LwM2mNodeDecoderTest" time="0.0"/>
  <testcase name="text_decode_should_throw_an_exception_for_invalid_base64(String)[4]" classname="org.eclipse.leshan.core.node.codec.LwM2mNodeDecoderTest" time="0.0"/>
  <testcase name="text_decode_should_throw_an_exception_for_invalid_base64(String)[5]" classname="org.eclipse.leshan.core.node.codec.LwM2mNodeDecoderTest" time="0.0"/>
  <testcase name="senml_json_decode_mixed_resource_without_given_path(String)[1]" classname="org.eclipse.leshan.core.node.codec.LwM2mNodeDecoderTest" time="0.001"/>
  <testcase name="senml_json_decode_mixed_resource_without_given_path(String)[2]" classname="org.eclipse.leshan.core.node.codec.LwM2mNodeDecoderTest" time="0.001"/>
  <testcase name="senml_json_decode_mixed_resource_without_given_path(String)[3]" classname="org.eclipse.leshan.core.node.codec.LwM2mNodeDecoderTest" time="0.001"/>
  <testcase name="senml_json_decode_mixed_resource_without_given_path(String)[4]" classname="org.eclipse.leshan.core.node.codec.LwM2mNodeDecoderTest" time="0.001"/>
  <testcase name="senml_json_decode_mixed_resource_without_given_path(String)[5]" classname="org.eclipse.leshan.core.node.codec.LwM2mNodeDecoderTest" time="0.0"/>
  <testcase name="senml_cbor_decode_opaque_resource" classname="org.eclipse.leshan.core.node.codec.LwM2mNodeDecoderTest" time="0.002"/>
  <testcase name="tlv_power_source__multiple_resource(String)[1]" classname="org.eclipse.leshan.core.node.codec.LwM2mNodeDecoderTest" time="0.0"/>
  <testcase name="tlv_power_source__multiple_resource(String)[2]" classname="org.eclipse.leshan.core.node.codec.LwM2mNodeDecoderTest" time="0.0"/>
  <testcase name="tlv_power_source__multiple_resource(String)[3]" classname="org.eclipse.leshan.core.node.codec.LwM2mNodeDecoderTest" time="0.0"/>
  <testcase name="tlv_power_source__multiple_resource(String)[4]" classname="org.eclipse.leshan.core.node.codec.LwM2mNodeDecoderTest" time="0.001"/>
  <testcase name="tlv_power_source__multiple_resource(String)[5]" classname="org.eclipse.leshan.core.node.codec.LwM2mNodeDecoderTest" time="0.001"/>
  <testcase name="json_empty_instance(String)[1]" classname="org.eclipse.leshan.core.node.codec.LwM2mNodeDecoderTest" time="0.0"/>
  <testcase name="json_empty_instance(String)[2]" classname="org.eclipse.leshan.core.node.codec.LwM2mNodeDecoderTest" time="0.001"/>
  <testcase name="json_empty_instance(String)[3]" classname="org.eclipse.leshan.core.node.codec.LwM2mNodeDecoderTest" time="0.001"/>
  <testcase name="json_empty_instance(String)[4]" classname="org.eclipse.leshan.core.node.codec.LwM2mNodeDecoderTest" time="0.001"/>
  <testcase name="json_empty_instance(String)[5]" classname="org.eclipse.leshan.core.node.codec.LwM2mNodeDecoderTest" time="0.001"/>
  <testcase name="tlv_device_object_instance0_from_resources_tlv(String)[1]" classname="org.eclipse.leshan.core.node.codec.LwM2mNodeDecoderTest" time="0.001"/>
  <testcase name="tlv_device_object_instance0_from_resources_tlv(String)[2]" classname="org.eclipse.leshan.core.node.codec.LwM2mNodeDecoderTest" time="0.001"/>
  <testcase name="tlv_device_object_instance0_from_resources_tlv(String)[3]" classname="org.eclipse.leshan.core.node.codec.LwM2mNodeDecoderTest" time="0.0"/>
  <testcase name="tlv_device_object_instance0_from_resources_tlv(String)[4]" classname="org.eclipse.leshan.core.node.codec.LwM2mNodeDecoderTest" time="0.0"/>
  <testcase name="tlv_device_object_instance0_from_resources_tlv(String)[5]" classname="org.eclipse.leshan.core.node.codec.LwM2mNodeDecoderTest" time="0.0"/>
  <testcase name="tlv_power_source__array_values(String)[1]" classname="org.eclipse.leshan.core.node.codec.LwM2mNodeDecoderTest" time="0.001"/>
  <testcase name="tlv_power_source__array_values(String)[2]" classname="org.eclipse.leshan.core.node.codec.LwM2mNodeDecoderTest" time="0.0"/>
  <testcase name="tlv_power_source__array_values(String)[3]" classname="org.eclipse.leshan.core.node.codec.LwM2mNodeDecoderTest" time="0.0"/>
  <testcase name="tlv_power_source__array_values(String)[4]" classname="org.eclipse.leshan.core.node.codec.LwM2mNodeDecoderTest" time="0.0"/>
  <testcase name="tlv_power_source__array_values(String)[5]" classname="org.eclipse.leshan.core.node.codec.LwM2mNodeDecoderTest" time="0.001"/>
  <testcase name="tlv_invalid_multi_resource_2_instance_with_the_same_id(String)[1]" classname="org.eclipse.leshan.core.node.codec.LwM2mNodeDecoderTest" time="0.002"/>
  <testcase name="tlv_invalid_multi_resource_2_instance_with_the_same_id(String)[2]" classname="org.eclipse.leshan.core.node.codec.LwM2mNodeDecoderTest" time="0.0"/>
  <testcase name="tlv_invalid_multi_resource_2_instance_with_the_same_id(String)[3]" classname="org.eclipse.leshan.core.node.codec.LwM2mNodeDecoderTest" time="0.0"/>
  <testcase name="tlv_invalid_multi_resource_2_instance_with_the_same_id(String)[4]" classname="org.eclipse.leshan.core.node.codec.LwM2mNodeDecoderTest" time="0.0"/>
  <testcase name="tlv_invalid_multi_resource_2_instance_with_the_same_id(String)[5]" classname="org.eclipse.leshan.core.node.codec.LwM2mNodeDecoderTest" time="0.0"/>
  <testcase name="tlv_instance_without_id_tlv(String)[1]" classname="org.eclipse.leshan.core.node.codec.LwM2mNodeDecoderTest" time="0.001"/>
  <testcase name="tlv_instance_without_id_tlv(String)[2]" classname="org.eclipse.leshan.core.node.codec.LwM2mNodeDecoderTest" time="0.0"/>
  <testcase name="tlv_instance_without_id_tlv(String)[3]" classname="org.eclipse.leshan.core.node.codec.LwM2mNodeDecoderTest" time="0.0"/>
  <testcase name="tlv_instance_without_id_tlv(String)[4]" classname="org.eclipse.leshan.core.node.codec.LwM2mNodeDecoderTest" time="0.0"/>
  <testcase name="tlv_instance_without_id_tlv(String)[5]" classname="org.eclipse.leshan.core.node.codec.LwM2mNodeDecoderTest" time="0.001"/>
  <testcase name="senml_json_empty_multi_resource(String)[1]" classname="org.eclipse.leshan.core.node.codec.LwM2mNodeDecoderTest" time="0.0"/>
  <testcase name="senml_json_empty_multi_resource(String)[2]" classname="org.eclipse.leshan.core.node.codec.LwM2mNodeDecoderTest" time="0.0"/>
  <testcase name="senml_json_empty_multi_resource(String)[3]" classname="org.eclipse.leshan.core.node.codec.LwM2mNodeDecoderTest" time="0.001"/>
  <testcase name="senml_json_empty_multi_resource(String)[4]" classname="org.eclipse.leshan.core.node.codec.LwM2mNodeDecoderTest" time="0.001"/>
  <testcase name="senml_json_empty_multi_resource(String)[5]" classname="org.eclipse.leshan.core.node.codec.LwM2mNodeDecoderTest" time="0.001"/>
  <testcase name="senml_json_decode_resources(String)[1]" classname="org.eclipse.leshan.core.node.codec.LwM2mNodeDecoderTest" time="0.001"/>
  <testcase name="senml_json_decode_resources(String)[2]" classname="org.eclipse.leshan.core.node.codec.LwM2mNodeDecoderTest" time="0.001"/>
  <testcase name="senml_json_decode_resources(String)[3]" classname="org.eclipse.leshan.core.node.codec.LwM2mNodeDecoderTest" time="0.001"/>
  <testcase name="senml_json_decode_resources(String)[4]" classname="org.eclipse.leshan.core.node.codec.LwM2mNodeDecoderTest" time="0.0"/>
  <testcase name="senml_json_decode_resources(String)[5]" classname="org.eclipse.leshan.core.node.codec.LwM2mNodeDecoderTest" time="0.0"/>
  <testcase name="json_timestamped_instances(String)[1]" classname="org.eclipse.leshan.core.node.codec.LwM2mNodeDecoderTest" time="0.001"/>
  <testcase name="json_timestamped_instances(String)[2]" classname="org.eclipse.leshan.core.node.codec.LwM2mNodeDecoderTest" time="0.001"/>
  <testcase name="json_timestamped_instances(String)[3]" classname="org.eclipse.leshan.core.node.codec.LwM2mNodeDecoderTest" time="0.001"/>
  <testcase name="json_timestamped_instances(String)[4]" classname="org.eclipse.leshan.core.node.codec.LwM2mNodeDecoderTest" time="0.0"/>
  <testcase name="json_timestamped_instances(String)[5]" classname="org.eclipse.leshan.core.node.codec.LwM2mNodeDecoderTest" time="0.0"/>
  <testcase name="senml_json_decode_invalid_path_with_value(String)[1]" classname="org.eclipse.leshan.core.node.codec.LwM2mNodeDecoderTest" time="0.001"/>
  <testcase name="senml_json_decode_invalid_path_with_value(String)[2]" classname="org.eclipse.leshan.core.node.codec.LwM2mNodeDecoderTest" time="0.0"/>
  <testcase name="senml_json_decode_invalid_path_with_value(String)[3]" classname="org.eclipse.leshan.core.node.codec.LwM2mNodeDecoderTest" time="0.0"/>
  <testcase name="senml_json_decode_invalid_path_with_value(String)[4]" classname="org.eclipse.leshan.core.node.codec.LwM2mNodeDecoderTest" time="0.0"/>
  <testcase name="senml_json_decode_invalid_path_with_value(String)[5]" classname="org.eclipse.leshan.core.node.codec.LwM2mNodeDecoderTest" time="0.001"/>
  <testcase name="senml_timestamped_resources_with_several_bn(String)[1]" classname="org.eclipse.leshan.core.node.codec.LwM2mNodeDecoderTest" time="0.0"/>
  <testcase name="senml_timestamped_resources_with_several_bn(String)[2]" classname="org.eclipse.leshan.core.node.codec.LwM2mNodeDecoderTest" time="0.001"/>
  <testcase name="senml_timestamped_resources_with_several_bn(String)[3]" classname="org.eclipse.leshan.core.node.codec.LwM2mNodeDecoderTest" time="0.001"/>
  <testcase name="senml_timestamped_resources_with_several_bn(String)[4]" classname="org.eclipse.leshan.core.node.codec.LwM2mNodeDecoderTest" time="0.001"/>
  <testcase name="senml_timestamped_resources_with_several_bn(String)[5]" classname="org.eclipse.leshan.core.node.codec.LwM2mNodeDecoderTest" time="0.0"/>
  <testcase name="senml_json_decode_invalid_path_with_timestamp(String)[1]" classname="org.eclipse.leshan.core.node.codec.LwM2mNodeDecoderTest" time="0.001"/>
  <testcase name="senml_json_decode_invalid_path_with_timestamp(String)[2]" classname="org.eclipse.leshan.core.node.codec.LwM2mNodeDecoderTest" time="0.0"/>
  <testcase name="senml_json_decode_invalid_path_with_timestamp(String)[3]" classname="org.eclipse.leshan.core.node.codec.LwM2mNodeDecoderTest" time="0.0"/>
  <testcase name="senml_json_decode_invalid_path_with_timestamp(String)[4]" classname="org.eclipse.leshan.core.node.codec.LwM2mNodeDecoderTest" time="0.001"/>
  <testcase name="senml_json_decode_invalid_path_with_timestamp(String)[5]" classname="org.eclipse.leshan.core.node.codec.LwM2mNodeDecoderTest" time="0.0"/>
  <testcase name="tlv_acl_object_multi_instance(String)[1]" classname="org.eclipse.leshan.core.node.codec.LwM2mNodeDecoderTest" time="0.0"/>
  <testcase name="tlv_acl_object_multi_instance(String)[2]" classname="org.eclipse.leshan.core.node.codec.LwM2mNodeDecoderTest" time="0.0"/>
  <testcase name="tlv_acl_object_multi_instance(String)[3]" classname="org.eclipse.leshan.core.node.codec.LwM2mNodeDecoderTest" time="0.001"/>
  <testcase name="tlv_acl_object_multi_instance(String)[4]" classname="org.eclipse.leshan.core.node.codec.LwM2mNodeDecoderTest" time="0.0"/>
  <testcase name="tlv_acl_object_multi_instance(String)[5]" classname="org.eclipse.leshan.core.node.codec.LwM2mNodeDecoderTest" time="0.001"/>
  <testcase name="senml_json_decode_ulong(String)[1]" classname="org.eclipse.leshan.core.node.codec.LwM2mNodeDecoderTest" time="0.001"/>
  <testcase name="senml_json_decode_ulong(String)[2]" classname="org.eclipse.leshan.core.node.codec.LwM2mNodeDecoderTest" time="0.001"/>
  <testcase name="senml_json_decode_ulong(String)[3]" classname="org.eclipse.leshan.core.node.codec.LwM2mNodeDecoderTest" time="0.001"/>
  <testcase name="senml_json_decode_ulong(String)[4]" classname="org.eclipse.leshan.core.node.codec.LwM2mNodeDecoderTest" time="0.0"/>
  <testcase name="senml_json_decode_ulong(String)[5]" classname="org.eclipse.leshan.core.node.codec.LwM2mNodeDecoderTest" time="0.0"/>
  <testcase name="json_cut_basename_name_in_the_middle_of_an_id(String)[1]" classname="org.eclipse.leshan.core.node.codec.LwM2mNodeDecoderTest" time="0.0"/>
  <testcase name="json_cut_basename_name_in_the_middle_of_an_id(String)[2]" classname="org.eclipse.leshan.core.node.codec.LwM2mNodeDecoderTest" time="0.001"/>
  <testcase name="json_cut_basename_name_in_the_middle_of_an_id(String)[3]" classname="org.eclipse.leshan.core.node.codec.LwM2mNodeDecoderTest" time="0.0"/>
  <testcase name="json_cut_basename_name_in_the_middle_of_an_id(String)[4]" classname="org.eclipse.leshan.core.node.codec.LwM2mNodeDecoderTest" time="0.0"/>
  <testcase name="json_cut_basename_name_in_the_middle_of_an_id(String)[5]" classname="org.eclipse.leshan.core.node.codec.LwM2mNodeDecoderTest" time="0.001"/>
  <testcase name="senml_timestamped_resources(String)[1]" classname="org.eclipse.leshan.core.node.codec.LwM2mNodeDecoderTest" time="0.001"/>
  <testcase name="senml_timestamped_resources(String)[2]" classname="org.eclipse.leshan.core.node.codec.LwM2mNodeDecoderTest" time="0.001"/>
  <testcase name="senml_timestamped_resources(String)[3]" classname="org.eclipse.leshan.core.node.codec.LwM2mNodeDecoderTest" time="0.0"/>
  <testcase name="senml_timestamped_resources(String)[4]" classname="org.eclipse.leshan.core.node.codec.LwM2mNodeDecoderTest" time="0.0"/>
  <testcase name="senml_timestamped_resources(String)[5]" classname="org.eclipse.leshan.core.node.codec.LwM2mNodeDecoderTest" time="0.001"/>
  <testcase name="tlv_single_instance_with_obj_link(String)[1]" classname="org.eclipse.leshan.core.node.codec.LwM2mNodeDecoderTest" time="0.0"/>
  <testcase name="tlv_single_instance_with_obj_link(String)[2]" classname="org.eclipse.leshan.core.node.codec.LwM2mNodeDecoderTest" time="0.001"/>
  <testcase name="tlv_single_instance_with_obj_link(String)[3]" classname="org.eclipse.leshan.core.node.codec.LwM2mNodeDecoderTest" time="0.0"/>
  <testcase name="tlv_single_instance_with_obj_link(String)[4]" classname="org.eclipse.leshan.core.node.codec.LwM2mNodeDecoderTest" time="0.001"/>
  <testcase name="tlv_single_instance_with_obj_link(String)[5]" classname="org.eclipse.leshan.core.node.codec.LwM2mNodeDecoderTest" time="0.0"/>
  <testcase name="json_invalid_instance_2_resources_with_the_same_id(String)[1]" classname="org.eclipse.leshan.core.node.codec.LwM2mNodeDecoderTest" time="0.001"/>
  <testcase name="json_invalid_instance_2_resources_with_the_same_id(String)[2]" classname="org.eclipse.leshan.core.node.codec.LwM2mNodeDecoderTest" time="0.0"/>
  <testcase name="json_invalid_instance_2_resources_with_the_same_id(String)[3]" classname="org.eclipse.leshan.core.node.codec.LwM2mNodeDecoderTest" time="0.0"/>
  <testcase name="json_invalid_instance_2_resources_with_the_same_id(String)[4]" classname="org.eclipse.leshan.core.node.codec.LwM2mNodeDecoderTest" time="0.001"/>
  <testcase name="json_invalid_instance_2_resources_with_the_same_id(String)[5]" classname="org.eclipse.leshan.core.node.codec.LwM2mNodeDecoderTest" time="0.0"/>
  <testcase name="text_battery_resource(String)[1]" classname="org.eclipse.leshan.core.node.codec.LwM2mNodeDecoderTest" time="0.0"/>
  <testcase name="text_battery_resource(String)[2]" classname="org.eclipse.leshan.core.node.codec.LwM2mNodeDecoderTest" time="0.0"/>
  <testcase name="text_battery_resource(String)[3]" classname="org.eclipse.leshan.core.node.codec.LwM2mNodeDecoderTest" time="0.0"/>
  <testcase name="text_battery_resource(String)[4]" classname="org.eclipse.leshan.core.node.codec.LwM2mNodeDecoderTest" time="0.0"/>
  <testcase name="text_battery_resource(String)[5]" classname="org.eclipse.leshan.core.node.codec.LwM2mNodeDecoderTest" time="0.0"/>
  <testcase name="decode_null_object_instance(ContentFormat)[1]" classname="org.eclipse.leshan.core.node.codec.LwM2mNodeDecoderTest" time="0.0"/>
  <testcase name="decode_null_object_instance(ContentFormat)[2]" classname="org.eclipse.leshan.core.node.codec.LwM2mNodeDecoderTest" time="0.0"/>
  <testcase name="decode_null_object_instance(ContentFormat)[3]" classname="org.eclipse.leshan.core.node.codec.LwM2mNodeDecoderTest" time="0.001"/>
  <testcase name="json_empty_multi_resource(String)[1]" classname="org.eclipse.leshan.core.node.codec.LwM2mNodeDecoderTest" time="0.001"/>
  <testcase name="json_empty_multi_resource(String)[2]" classname="org.eclipse.leshan.core.node.codec.LwM2mNodeDecoderTest" time="0.001"/>
  <testcase name="json_empty_multi_resource(String)[3]" classname="org.eclipse.leshan.core.node.codec.LwM2mNodeDecoderTest" time="0.0"/>
  <testcase name="json_empty_multi_resource(String)[4]" classname="org.eclipse.leshan.core.node.codec.LwM2mNodeDecoderTest" time="0.0"/>
  <testcase name="json_empty_multi_resource(String)[5]" classname="org.eclipse.leshan.core.node.codec.LwM2mNodeDecoderTest" time="0.0"/>
  <testcase name="json_timestamped_Object(String)[1]" classname="org.eclipse.leshan.core.node.codec.LwM2mNodeDecoderTest" time="0.0"/>
  <testcase name="json_timestamped_Object(String)[2]" classname="org.eclipse.leshan.core.node.codec.LwM2mNodeDecoderTest" time="0.0"/>
  <testcase name="json_timestamped_Object(String)[3]" classname="org.eclipse.leshan.core.node.codec.LwM2mNodeDecoderTest" time="0.001"/>
  <testcase name="json_timestamped_Object(String)[4]" classname="org.eclipse.leshan.core.node.codec.LwM2mNodeDecoderTest" time="0.001"/>
  <testcase name="json_timestamped_Object(String)[5]" classname="org.eclipse.leshan.core.node.codec.LwM2mNodeDecoderTest" time="0.001"/>
  <testcase name="json_invalid_multi_resource_2_instances_with_the_same_id(String)[1]" classname="org.eclipse.leshan.core.node.codec.LwM2mNodeDecoderTest" time="0.001"/>
  <testcase name="json_invalid_multi_resource_2_instances_with_the_same_id(String)[2]" classname="org.eclipse.leshan.core.node.codec.LwM2mNodeDecoderTest" time="0.0"/>
  <testcase name="json_invalid_multi_resource_2_instances_with_the_same_id(String)[3]" classname="org.eclipse.leshan.core.node.codec.LwM2mNodeDecoderTest" time="0.001"/>
  <testcase name="json_invalid_multi_resource_2_instances_with_the_same_id(String)[4]" classname="org.eclipse.leshan.core.node.codec.LwM2mNodeDecoderTest" time="0.0"/>
  <testcase name="json_invalid_multi_resource_2_instances_with_the_same_id(String)[5]" classname="org.eclipse.leshan.core.node.codec.LwM2mNodeDecoderTest" time="0.001"/>
  <testcase name="senml_json_decode_multiple_resource(String)[1]" classname="org.eclipse.leshan.core.node.codec.LwM2mNodeDecoderTest" time="0.001"/>
  <testcase name="senml_json_decode_multiple_resource(String)[2]" classname="org.eclipse.leshan.core.node.codec.LwM2mNodeDecoderTest" time="0.0"/>
  <testcase name="senml_json_decode_multiple_resource(String)[3]" classname="org.eclipse.leshan.core.node.codec.LwM2mNodeDecoderTest" time="0.0"/>
  <testcase name="senml_json_decode_multiple_resource(String)[4]" classname="org.eclipse.leshan.core.node.codec.LwM2mNodeDecoderTest" time="0.001"/>
  <testcase name="senml_json_decode_multiple_resource(String)[5]" classname="org.eclipse.leshan.core.node.codec.LwM2mNodeDecoderTest" time="0.0"/>
  <testcase name="tlv_instance_with_core_link_value(String)[1]" classname="org.eclipse.leshan.core.node.codec.LwM2mNodeDecoderTest" time="0.002"/>
  <testcase name="tlv_instance_with_core_link_value(String)[2]" classname="org.eclipse.leshan.core.node.codec.LwM2mNodeDecoderTest" time="0.001"/>
  <testcase name="tlv_instance_with_core_link_value(String)[3]" classname="org.eclipse.leshan.core.node.codec.LwM2mNodeDecoderTest" time="0.0"/>
  <testcase name="tlv_instance_with_core_link_value(String)[4]" classname="org.eclipse.leshan.core.node.codec.LwM2mNodeDecoderTest" time="0.0"/>
  <testcase name="tlv_instance_with_core_link_value(String)[5]" classname="org.eclipse.leshan.core.node.codec.LwM2mNodeDecoderTest" time="0.001"/>
  <testcase name="tlv_invalid_object_2_instances_with_the_same_id(String)[1]" classname="org.eclipse.leshan.core.node.codec.LwM2mNodeDecoderTest" time="0.001"/>
  <testcase name="tlv_invalid_object_2_instances_with_the_same_id(String)[2]" classname="org.eclipse.leshan.core.node.codec.LwM2mNodeDecoderTest" time="0.001"/>
  <testcase name="tlv_invalid_object_2_instances_with_the_same_id(String)[3]" classname="org.eclipse.leshan.core.node.codec.LwM2mNodeDecoderTest" time="0.0"/>
  <testcase name="tlv_invalid_object_2_instances_with_the_same_id(String)[4]" classname="org.eclipse.leshan.core.node.codec.LwM2mNodeDecoderTest" time="0.0"/>
  <testcase name="tlv_invalid_object_2_instances_with_the_same_id(String)[5]" classname="org.eclipse.leshan.core.node.codec.LwM2mNodeDecoderTest" time="0.001"/>
  <testcase name="json_empty_object(String)[1]" classname="org.eclipse.leshan.core.node.codec.LwM2mNodeDecoderTest" time="0.001"/>
  <testcase name="json_empty_object(String)[2]" classname="org.eclipse.leshan.core.node.codec.LwM2mNodeDecoderTest" time="0.001"/>
  <testcase name="json_empty_object(String)[3]" classname="org.eclipse.leshan.core.node.codec.LwM2mNodeDecoderTest" time="0.001"/>
  <testcase name="json_empty_object(String)[4]" classname="org.eclipse.leshan.core.node.codec.LwM2mNodeDecoderTest" time="0.0"/>
  <testcase name="json_empty_object(String)[5]" classname="org.eclipse.leshan.core.node.codec.LwM2mNodeDecoderTest" time="0.0"/>
  <testcase name="senml_json_decode_path_using_name(String)[1]" classname="org.eclipse.leshan.core.node.codec.LwM2mNodeDecoderTest" time="0.001"/>
  <testcase name="senml_json_decode_path_using_name(String)[2]" classname="org.eclipse.leshan.core.node.codec.LwM2mNodeDecoderTest" time="0.0"/>
  <testcase name="senml_json_decode_path_using_name(String)[3]" classname="org.eclipse.leshan.core.node.codec.LwM2mNodeDecoderTest" time="0.001"/>
  <testcase name="senml_json_decode_path_using_name(String)[4]" classname="org.eclipse.leshan.core.node.codec.LwM2mNodeDecoderTest" time="0.0"/>
  <testcase name="senml_json_decode_path_using_name(String)[5]" classname="org.eclipse.leshan.core.node.codec.LwM2mNodeDecoderTest" time="0.0"/>
  <testcase name="tlv_manufacturer_resource(String)[1]" classname="org.eclipse.leshan.core.node.codec.LwM2mNodeDecoderTest" time="0.0"/>
  <testcase name="tlv_manufacturer_resource(String)[2]" classname="org.eclipse.leshan.core.node.codec.LwM2mNodeDecoderTest" time="0.0"/>
  <testcase name="tlv_manufacturer_resource(String)[3]" classname="org.eclipse.leshan.core.node.codec.LwM2mNodeDecoderTest" time="0.0"/>
  <testcase name="tlv_manufacturer_resource(String)[4]" classname="org.eclipse.leshan.core.node.codec.LwM2mNodeDecoderTest" time="0.0"/>
  <testcase name="tlv_manufacturer_resource(String)[5]" classname="org.eclipse.leshan.core.node.codec.LwM2mNodeDecoderTest" time="0.0"/>
  <testcase name="text_decode_opaque_from_base64_string(String)[1]" classname="org.eclipse.leshan.core.node.codec.LwM2mNodeDecoderTest" time="0.0"/>
  <testcase name="text_decode_opaque_from_base64_string(String)[2]" classname="org.eclipse.leshan.core.node.codec.LwM2mNodeDecoderTest" time="0.001"/>
  <testcase name="text_decode_opaque_from_base64_string(String)[3]" classname="org.eclipse.leshan.core.node.codec.LwM2mNodeDecoderTest" time="0.0"/>
  <testcase name="text_decode_opaque_from_base64_string(String)[4]" classname="org.eclipse.leshan.core.node.codec.LwM2mNodeDecoderTest" time="0.001"/>
  <testcase name="text_decode_opaque_from_base64_string(String)[5]" classname="org.eclipse.leshan.core.node.codec.LwM2mNodeDecoderTest" time="0.0"/>
  <testcase name="tlv_device_object_instance0_from_resources_tlv__instance_expected(String)[1]" classname="org.eclipse.leshan.core.node.codec.LwM2mNodeDecoderTest" time="0.0"/>
  <testcase name="tlv_device_object_instance0_from_resources_tlv__instance_expected(String)[2]" classname="org.eclipse.leshan.core.node.codec.LwM2mNodeDecoderTest" time="0.0"/>
  <testcase name="tlv_device_object_instance0_from_resources_tlv__instance_expected(String)[3]" classname="org.eclipse.leshan.core.node.codec.LwM2mNodeDecoderTest" time="0.0"/>
  <testcase name="tlv_device_object_instance0_from_resources_tlv__instance_expected(String)[4]" classname="org.eclipse.leshan.core.node.codec.LwM2mNodeDecoderTest" time="0.001"/>
  <testcase name="tlv_device_object_instance0_from_resources_tlv__instance_expected(String)[5]" classname="org.eclipse.leshan.core.node.codec.LwM2mNodeDecoderTest" time="0.001"/>
  <testcase name="senml_timestamped_Object(String)[1]" classname="org.eclipse.leshan.core.node.codec.LwM2mNodeDecoderTest" time="0.0"/>
  <testcase name="senml_timestamped_Object(String)[2]" classname="org.eclipse.leshan.core.node.codec.LwM2mNodeDecoderTest" time="0.001"/>
  <testcase name="senml_timestamped_Object(String)[3]" classname="org.eclipse.leshan.core.node.codec.LwM2mNodeDecoderTest" time="0.001"/>
  <testcase name="senml_timestamped_Object(String)[4]" classname="org.eclipse.leshan.core.node.codec.LwM2mNodeDecoderTest" time="0.001"/>
  <testcase name="senml_timestamped_Object(String)[5]" classname="org.eclipse.leshan.core.node.codec.LwM2mNodeDecoderTest" time="0.001"/>
  <testcase name="senml_json_decode_single_resource(String)[1]" classname="org.eclipse.leshan.core.node.codec.LwM2mNodeDecoderTest" time="0.001"/>
  <testcase name="senml_json_decode_single_resource(String)[2]" classname="org.eclipse.leshan.core.node.codec.LwM2mNodeDecoderTest" time="0.001"/>
  <testcase name="senml_json_decode_single_resource(String)[3]" classname="org.eclipse.leshan.core.node.codec.LwM2mNodeDecoderTest" time="0.001"/>
  <testcase name="senml_json_decode_single_resource(String)[4]" classname="org.eclipse.leshan.core.node.codec.LwM2mNodeDecoderTest" time="0.0"/>
  <testcase name="senml_json_decode_single_resource(String)[5]" classname="org.eclipse.leshan.core.node.codec.LwM2mNodeDecoderTest" time="0.001"/>
  <testcase name="content_format_is_mandatory(String)[1]" classname="org.eclipse.leshan.core.node.codec.LwM2mNodeDecoderTest" time="0.0"/>
  <testcase name="content_format_is_mandatory(String)[2]" classname="org.eclipse.leshan.core.node.codec.LwM2mNodeDecoderTest" time="0.0"/>
  <testcase name="content_format_is_mandatory(String)[3]" classname="org.eclipse.leshan.core.node.codec.LwM2mNodeDecoderTest" time="0.0"/>
  <testcase name="content_format_is_mandatory(String)[4]" classname="org.eclipse.leshan.core.node.codec.LwM2mNodeDecoderTest" time="0.0"/>
  <testcase name="content_format_is_mandatory(String)[5]" classname="org.eclipse.leshan.core.node.codec.LwM2mNodeDecoderTest" time="0.0"/>
  <testcase name="tlv_resource_with_undesired_invalid_object_instance(String)[1]" classname="org.eclipse.leshan.core.node.codec.LwM2mNodeDecoderTest" time="0.001"/>
  <testcase name="tlv_resource_with_undesired_invalid_object_instance(String)[2]" classname="org.eclipse.leshan.core.node.codec.LwM2mNodeDecoderTest" time="0.0"/>
  <testcase name="tlv_resource_with_undesired_invalid_object_instance(String)[3]" classname="org.eclipse.leshan.core.node.codec.LwM2mNodeDecoderTest" time="0.0"/>
  <testcase name="tlv_resource_with_undesired_invalid_object_instance(String)[4]" classname="org.eclipse.leshan.core.node.codec.LwM2mNodeDecoderTest" time="0.0"/>
  <testcase name="tlv_resource_with_undesired_invalid_object_instance(String)[5]" classname="org.eclipse.leshan.core.node.codec.LwM2mNodeDecoderTest" time="0.0"/>
  <testcase name="decode_null_object(ContentFormat)[1]" classname="org.eclipse.leshan.core.node.codec.LwM2mNodeDecoderTest" time="0.0"/>
  <testcase name="decode_null_object(ContentFormat)[2]" classname="org.eclipse.leshan.core.node.codec.LwM2mNodeDecoderTest" time="0.0"/>
  <testcase name="decode_null_object(ContentFormat)[3]" classname="org.eclipse.leshan.core.node.codec.LwM2mNodeDecoderTest" time="0.001"/>
  <testcase name="tlv_invalid_object__instance_2_resources_with_the_same_id(String)[1]" classname="org.eclipse.leshan.core.node.codec.LwM2mNodeDecoderTest" time="0.001"/>
  <testcase name="tlv_invalid_object__instance_2_resources_with_the_same_id(String)[2]" classname="org.eclipse.leshan.core.node.codec.LwM2mNodeDecoderTest" time="0.001"/>
  <testcase name="tlv_invalid_object__instance_2_resources_with_the_same_id(String)[3]" classname="org.eclipse.leshan.core.node.codec.LwM2mNodeDecoderTest" time="0.0"/>
  <testcase name="tlv_invalid_object__instance_2_resources_with_the_same_id(String)[4]" classname="org.eclipse.leshan.core.node.codec.LwM2mNodeDecoderTest" time="0.001"/>
  <testcase name="tlv_invalid_object__instance_2_resources_with_the_same_id(String)[5]" classname="org.eclipse.leshan.core.node.codec.LwM2mNodeDecoderTest" time="0.0"/>
  <testcase name="senml_json_decode_single_resource_using_exponantial_notation(String)[1]" classname="org.eclipse.leshan.core.node.codec.LwM2mNodeDecoderTest" time="0.0"/>
  <testcase name="senml_json_decode_single_resource_using_exponantial_notation(String)[2]" classname="org.eclipse.leshan.core.node.codec.LwM2mNodeDecoderTest" time="0.0"/>
  <testcase name="senml_json_decode_single_resource_using_exponantial_notation(String)[3]" classname="org.eclipse.leshan.core.node.codec.LwM2mNodeDecoderTest" time="0.001"/>
  <testcase name="senml_json_decode_single_resource_using_exponantial_notation(String)[4]" classname="org.eclipse.leshan.core.node.codec.LwM2mNodeDecoderTest" time="0.0"/>
  <testcase name="senml_json_decode_single_resource_using_exponantial_notation(String)[5]" classname="org.eclipse.leshan.core.node.codec.LwM2mNodeDecoderTest" time="0.001"/>
  <testcase name="json_device_object_instance0(String)[1]" classname="org.eclipse.leshan.core.node.codec.LwM2mNodeDecoderTest" time="0.001"/>
  <testcase name="json_device_object_instance0(String)[2]" classname="org.eclipse.leshan.core.node.codec.LwM2mNodeDecoderTest" time="0.001"/>
  <testcase name="json_device_object_instance0(String)[3]" classname="org.eclipse.leshan.core.node.codec.LwM2mNodeDecoderTest" time="0.001"/>
  <testcase name="json_device_object_instance0(String)[4]" classname="org.eclipse.leshan.core.node.codec.LwM2mNodeDecoderTest" time="0.0"/>
  <testcase name="json_device_object_instance0(String)[5]" classname="org.eclipse.leshan.core.node.codec.LwM2mNodeDecoderTest" time="0.0"/>
  <testcase name="json_empty_single_resource(String)[1]" classname="org.eclipse.leshan.core.node.codec.LwM2mNodeDecoderTest" time="0.001"/>
  <testcase name="json_empty_single_resource(String)[2]" classname="org.eclipse.leshan.core.node.codec.LwM2mNodeDecoderTest" time="0.001"/>
  <testcase name="json_empty_single_resource(String)[3]" classname="org.eclipse.leshan.core.node.codec.LwM2mNodeDecoderTest" time="0.0"/>
  <testcase name="json_empty_single_resource(String)[4]" classname="org.eclipse.leshan.core.node.codec.LwM2mNodeDecoderTest" time="0.0"/>
  <testcase name="json_empty_single_resource(String)[5]" classname="org.eclipse.leshan.core.node.codec.LwM2mNodeDecoderTest" time="0.0"/>
  <testcase name="json_device_object_instance0_with_empty_root_basename(String)[1]" classname="org.eclipse.leshan.core.node.codec.LwM2mNodeDecoderTest" time="0.001"/>
  <testcase name="json_device_object_instance0_with_empty_root_basename(String)[2]" classname="org.eclipse.leshan.core.node.codec.LwM2mNodeDecoderTest" time="0.0"/>
  <testcase name="json_device_object_instance0_with_empty_root_basename(String)[3]" classname="org.eclipse.leshan.core.node.codec.LwM2mNodeDecoderTest" time="0.0"/>
  <testcase name="json_device_object_instance0_with_empty_root_basename(String)[4]" classname="org.eclipse.leshan.core.node.codec.LwM2mNodeDecoderTest" time="0.0"/>
  <testcase name="json_device_object_instance0_with_empty_root_basename(String)[5]" classname="org.eclipse.leshan.core.node.codec.LwM2mNodeDecoderTest" time="0.0"/>
  <testcase name="tlv_resource_with_undesired_object_instance(String)[1]" classname="org.eclipse.leshan.core.node.codec.LwM2mNodeDecoderTest" time="0.0"/>
  <testcase name="tlv_resource_with_undesired_object_instance(String)[2]" classname="org.eclipse.leshan.core.node.codec.LwM2mNodeDecoderTest" time="0.0"/>
  <testcase name="tlv_resource_with_undesired_object_instance(String)[3]" classname="org.eclipse.leshan.core.node.codec.LwM2mNodeDecoderTest" time="0.0"/>
  <testcase name="tlv_resource_with_undesired_object_instance(String)[4]" classname="org.eclipse.leshan.core.node.codec.LwM2mNodeDecoderTest" time="0.0"/>
  <testcase name="tlv_resource_with_undesired_object_instance(String)[5]" classname="org.eclipse.leshan.core.node.codec.LwM2mNodeDecoderTest" time="0.0"/>
  <testcase name="json_timestamped_resources(String)[1]" classname="org.eclipse.leshan.core.node.codec.LwM2mNodeDecoderTest" time="0.0"/>
  <testcase name="json_timestamped_resources(String)[2]" classname="org.eclipse.leshan.core.node.codec.LwM2mNodeDecoderTest" time="0.0"/>
  <testcase name="json_timestamped_resources(String)[3]" classname="org.eclipse.leshan.core.node.codec.LwM2mNodeDecoderTest" time="0.001"/>
  <testcase name="json_timestamped_resources(String)[4]" classname="org.eclipse.leshan.core.node.codec.LwM2mNodeDecoderTest" time="0.001"/>
  <testcase name="json_timestamped_resources(String)[5]" classname="org.eclipse.leshan.core.node.codec.LwM2mNodeDecoderTest" time="0.0"/>
  <testcase name="senml_multiple_timestamped_nodes(String)[1]" classname="org.eclipse.leshan.core.node.codec.LwM2mNodeDecoderTest" time="0.001"/>
  <testcase name="senml_multiple_timestamped_nodes(String)[2]" classname="org.eclipse.leshan.core.node.codec.LwM2mNodeDecoderTest" time="0.001"/>
  <testcase name="senml_multiple_timestamped_nodes(String)[3]" classname="org.eclipse.leshan.core.node.codec.LwM2mNodeDecoderTest" time="0.001"/>
  <testcase name="senml_multiple_timestamped_nodes(String)[4]" classname="org.eclipse.leshan.core.node.codec.LwM2mNodeDecoderTest" time="0.001"/>
  <testcase name="senml_multiple_timestamped_nodes(String)[5]" classname="org.eclipse.leshan.core.node.codec.LwM2mNodeDecoderTest" time="0.0"/>
  <testcase name="tlv_device_object_instance0_from_instance_tlv(String)[1]" classname="org.eclipse.leshan.core.node.codec.LwM2mNodeDecoderTest" time="0.0"/>
  <testcase name="tlv_device_object_instance0_from_instance_tlv(String)[2]" classname="org.eclipse.leshan.core.node.codec.LwM2mNodeDecoderTest" time="0.0"/>
  <testcase name="tlv_device_object_instance0_from_instance_tlv(String)[3]" classname="org.eclipse.leshan.core.node.codec.LwM2mNodeDecoderTest" time="0.0"/>
  <testcase name="tlv_device_object_instance0_from_instance_tlv(String)[4]" classname="org.eclipse.leshan.core.node.codec.LwM2mNodeDecoderTest" time="0.001"/>
  <testcase name="tlv_device_object_instance0_from_instance_tlv(String)[5]" classname="org.eclipse.leshan.core.node.codec.LwM2mNodeDecoderTest" time="0.0"/>
  <testcase name="senml_json_decode_device_object_instance(String)[1]" classname="org.eclipse.leshan.core.node.codec.LwM2mNodeDecoderTest" time="0.0"/>
  <testcase name="senml_json_decode_device_object_instance(String)[2]" classname="org.eclipse.leshan.core.node.codec.LwM2mNodeDecoderTest" time="0.0"/>
  <testcase name="senml_json_decode_device_object_instance(String)[3]" classname="org.eclipse.leshan.core.node.codec.LwM2mNodeDecoderTest" time="0.0"/>
  <testcase name="senml_json_decode_device_object_instance(String)[4]" classname="org.eclipse.leshan.core.node.codec.LwM2mNodeDecoderTest" time="0.001"/>
  <testcase name="senml_json_decode_device_object_instance(String)[5]" classname="org.eclipse.leshan.core.node.codec.LwM2mNodeDecoderTest" time="0.001"/>
</testsuite>