<?xml version="1.0" encoding="UTF-8"?>
<testsuite xmlns:xsi="http://www.w3.org/2001/XMLSchema-instance" xsi:noNamespaceSchemaLocation="https://maven.apache.org/surefire/maven-surefire-plugin/xsd/surefire-test-report-3.0.xsd" version="3.0" name="org.eclipse.leshan.core.link.lwm2m.attributes.DefaultLwM2mAttributeParserTest" time="0.039" tests="63" errors="0" skipped="0" failures="0">
  <properties>
[...]
</properties>
  <testcase name="check_one_valid_attribute(String, LwM2mAttribute)[1]" classname="org.eclipse.leshan.core.link.lwm2m.attributes.DefaultLwM2mAttributeParserTest" time="0.001"/>
  <testcase name="check_one_valid_attribute(String, LwM2mAttribute)[2]" classname="org.eclipse.leshan.core.link.lwm2m.attributes.DefaultLwM2mAttributeParserTest" time="0.0"/>
  <testcase name="check_one_valid_attribute(String, LwM2mAttribute)[3]" classname="org.eclipse.leshan.core.link.lwm2m.attributes.DefaultLwM2mAttributeParserTest" time="0.001"/>
  <testcase name="check_one_valid_attribute(String, LwM2mAttribute)[4]" classname="org.eclipse.leshan.core.link.lwm2m.attributes.DefaultLwM2mAttributeParserTest" time="0.0"/>
  <testcase name="check_one_valid_attribute(String, LwM2mAttribute)[5]" classname="org.eclipse.leshan.core.link.lwm2m.attributes.DefaultLwM2mAttributeParserTest" time="0.0"/>
  <testcase name="check_one_valid_attribute(String, LwM2mAttribute)[6]" classname="org.eclipse.leshan.core.link.lwm2m.attributes.DefaultLwM2mAttributeParserTest" time="0.0"/>
  <testcase name="check_one_valid_attribute(String, LwM2mAttribute)[7]" classname="org.eclipse.leshan.core.link.lwm2m.attributes.DefaultLwM2mAttributeParserTest" time="0.0"/>
  <testcase name="check_one_valid_attribute(String, LwM2mAttribute)[8]" classname="org.eclipse.leshan.core.link.lwm2m.attributes.DefaultLwM2mAttributeParserTest" time="0.0"/>
  <testcase name="check_one_valid_attribute(String, LwM2mAttribute)[9]" classname="org.eclipse.leshan.core.link.lwm2m.attributes.DefaultLwM2mAttributeParserTest" time="0.0"/>
  <testcase name="check_one_valid_attribute(String, LwM2mAttribute)[10]" classname="org.eclipse.leshan.core.link.lwm2m.attributes.DefaultLwM2mAttributeParserTest" time="0.0"/>
  <testcase name="check_one_valid_attribute(String, LwM2mAttribute)[11]" classname="org.eclipse.leshan.core.link.lwm2m.attributes.DefaultLwM2mAttributeParserTest" time="0.0"/>
  <testcase name="check_one_valid_attribute(String, LwM2mAttribute)[12]" classname="org.eclipse.leshan.core.link.lwm2m.attributes.DefaultLwM2mAttributeParserTest" time="0.0"/>
  <testcase name="check_one_valid_attribute(String, LwM2mAttribute)[13]" classname="org.eclipse.leshan.core.link.lwm2m.attributes.DefaultLwM2mAttributeParserTest" time="0.0"/>
  <testcase name="check_one_valid_attribute(String, LwM2mAttribute)[14]" classname="org.eclipse.leshan.core.link.lwm2m.attributes.DefaultLwM2mAttributeParserTest" time="0.0"/>
  <testcase name="check_one_valid_attribute(String, LwM2mAttribute)[15]" classname="org.eclipse.leshan.core.link.lwm2m.attributes.DefaultLwM2mAttributeParserTest" time="0.001"/>
  <testcase name="check_one_valid_attribute(String, LwM2mAttribute)[16]" classname="org.eclipse.leshan.core.link.lwm2m.attributes.DefaultLwM2mAttributeParserTest" time="0.0"/>
  <testcase name="check_one_valid_attribute(String, LwM2mAttribute)[17]" classname="org.eclipse.leshan.core.link.lwm2m.attributes.DefaultLwM2mAttributeParserTest" time="0.0"/>
  <testcase name="check_one_valid_attribute(String, LwM2mAttribute)[18]" classname="org.eclipse.leshan.core.link.lwm2m.attributes.DefaultLwM2mAttributeParserTest" time="0.003"/>
  <testcase name="check_one_valid_attribute(String, LwM2mAttribute)[19]" classname="org.eclipse.leshan.core.link.lwm2m.attributes.DefaultLwM2mAttributeParserTest" time="0.0"/>
  <testcase name="check_one_valid_attribute(String, LwM2mAttribute)[20]" classname="org.eclipse.leshan.core.link.lwm2m.attributes.DefaultLwM2mAttributeParserTest" time="0.0"/>
  <testcase name="check_one_valid_attribute(String, LwM2mAttribute)[21]" classname="org.eclipse.leshan.core.link.lwm2m.attributes.DefaultLwM2mAttributeParserTest" time="0.0"/>
  <testcase name="check_one_valid_attribute(String, LwM2mAttribute)[22]" classname="org.eclipse.leshan.core.link.lwm2m.attributes.DefaultLwM2mAttributeParserTest" time="0.0"/>
  <testcase name="check_multiple_valid_attributes" classname="org.eclipse.leshan.core.link.lwm2m.attributes.DefaultLwM2mAttributeParserTest" time="0.001"/>
  <testcase name="check_invalid_attributes(String)[1]" classname="org.eclipse.leshan.core.link.lwm2m.attributes.DefaultLwM2mAttributeParserTest" time="0.001"/>
  <testcase name="check_invalid_attributes(String)[2]" classname="org.eclipse.leshan.core.link.lwm2m.attributes.DefaultLwM2mAttributeParserTest" time="0.001"/>
  <testcase name="check_invalid_attributes(String)[3]" classname="org.eclipse.leshan.core.link.lwm2m.attributes.DefaultLwM2mAttributeParserTest" time="0.0"/>
  <testcase name="check_invalid_attributes(String)[4]" classname="org.eclipse.leshan.core.link.lwm2m.attributes.DefaultLwM2mAttributeParserTest" time="0.001"/>
  <testcase name="check_invalid_attributes(String)[5]" classname="org.eclipse.leshan.core.link.lwm2m.attributes.DefaultLwM2mAttributeParserTest" time="0.0"/>
  <testcase name="check_invalid_attributes(String)[6]" classname="org.eclipse.leshan.core.link.lwm2m.attributes.DefaultLwM2mAttributeParserTest" time="0.0"/>
  <testcase name="check_invalid_attributes(String)[7]" classname="org.eclipse.leshan.core.link.lwm2m.attributes.DefaultLwM2mAttributeParserTest" time="0.0"/>
  <testcase name="check_invalid_attributes(String)[8]" classname="org.eclipse.leshan.core.link.lwm2m.attributes.DefaultLwM2mAttributeParserTest" time="0.001"/>
  <testcase name="check_invalid_attributes(String)[9]" classname="org.eclipse.leshan.core.link.lwm2m.attributes.DefaultLwM2mAttributeParserTest" time="0.0"/>
  <testcase name="check_invalid_attributes(String)[10]" classname="org.eclipse.leshan.core.link.lwm2m.attributes.DefaultLwM2mAttributeParserTest" time="0.001"/>
  <testcase name="check_invalid_attributes(String)[11]" classname="org.eclipse.leshan.core.link.lwm2m.attributes.DefaultLwM2mAttributeParserTest" time="0.0"/>
  <testcase name="check_invalid_attributes(String)[12]" classname="org.eclipse.leshan.core.link.lwm2m.attributes.DefaultLwM2mAttributeParserTest" time="0.0"/>
  <testcase name="check_invalid_attributes(String)[13]" classname="org.eclipse.leshan.core.link.lwm2m.attributes.DefaultLwM2mAttributeParserTest" time="0.0"/>
  <testcase name="check_invalid_attributes(String)[14]" classname="org.eclipse.leshan.core.link.lwm2m.attributes.DefaultLwM2mAttributeParserTest" time="0.0"/>
  <testcase name="check_invalid_attributes(String)[15]" classname="org.eclipse.leshan.core.link.lwm2m.attributes.DefaultLwM2mAttributeParserTest" time="0.0"/>
  <testcase name="check_invalid_attributes(String)[16]" classname="org.eclipse.leshan.core.link.lwm2m.attributes.DefaultLwM2mAttributeParserTest" time="0.001"/>
  <testcase name="check_invalid_attributes(String)[17]" classname="org.eclipse.leshan.core.link.lwm2m.attributes.DefaultLwM2mAttributeParserTest" time="0.0"/>
  <testcase name="check_invalid_attributes(String)[18]" classname="org.eclipse.leshan.core.link.lwm2m.attributes.DefaultLwM2mAttributeParserTest" time="0.001"/>
  <testcase name="check_invalid_attributes(String)[19]" classname="org.eclipse.leshan.core.link.lwm2m.attributes.DefaultLwM2mAttributeParserTest" time="0.0"/>
  <testcase name="check_invalid_attributes(String)[20]" classname="org.eclipse.leshan.core.link.lwm2m.attributes.DefaultLwM2mAttributeParserTest" time="0.001"/>
  <testcase name="check_invalid_attributes(String)[21]" classname="org.eclipse.leshan.core.link.lwm2m.attributes.DefaultLwM2mAttributeParserTest" time="0.0"/>
  <testcase name="check_invalid_attributes(String)[22]" classname="org.eclipse.leshan.core.link.lwm2m.attributes.DefaultLwM2mAttributeParserTest" time="0.0"/>
  <testcase name="check_invalid_attributes(String)[23]" classname="org.eclipse.leshan.core.link.lwm2m.attributes.DefaultLwM2mAttributeParserTest" time="0.0"/>
  <testcase name="check_invalid_attributes(String)[24]" classname="org.eclipse.leshan.core.link.lwm2m.attributes.DefaultLwM2mAttributeParserTest" time="0.001"/>
  <testcase name="check_invalid_attributes(String)[25]" classname="org.eclipse.leshan.core.link.lwm2m.attributes.DefaultLwM2mAttributeParserTest" time="0.0"/>
  <testcase name="check_invalid_attributes(String)[26]" classname="org.eclipse.leshan.core.link.lwm2m.attributes.DefaultLwM2mAttributeParserTest" time="0.001"/>
  <testcase name="check_invalid_attributes(String)[27]" classname="org.eclipse.leshan.core.link.lwm2m.attributes.DefaultLwM2mAttributeParserTest" time="0.0"/>
  <testcase name="check_invalid_attributes(String)[28]" classname="org.eclipse.leshan.core.link.lwm2m.attributes.DefaultLwM2mAttributeParserTest" time="0.001"/>
  <testcase name="check_invalid_attributes(String)[29]" classname="org.eclipse.leshan.core.link.lwm2m.attributes.DefaultLwM2mAttributeParserTest" time="0.0"/>
  <testcase name="check_invalid_attributes(String)[30]" classname="org.eclipse.leshan.core.link.lwm2m.attributes.DefaultLwM2mAttributeParserTest" time="0.0"/>
  <testcase name="check_invalid_attributes(String)[31]" classname="org.eclipse.leshan.core.link.lwm2m.attributes.DefaultLwM2mAttributeParserTest" time="0.001"/>
  <testcase name="check_invalid_attributes(String)[32]" classname="org.eclipse.leshan.core.link.lwm2m.attributes.DefaultLwM2mAttributeParserTest" time="0.0"/>
  <testcase name="check_invalid_attributes(String)[33]" classname="org.eclipse.leshan.core.link.lwm2m.attributes.DefaultLwM2mAttributeParserTest" time="0.001"/>
  <testcase name="check_invalid_attributes(String)[34]" classname="org.eclipse.leshan.core.link.lwm2m.attributes.DefaultLwM2mAttributeParserTest" time="0.001"/>
  <testcase name="check_invalid_attributes(String)[35]" classname="org.eclipse.leshan.core.link.lwm2m.attributes.DefaultLwM2mAttributeParserTest" time="0.001"/>
  <testcase name="check_invalid_attributes(String)[36]" classname="org.eclipse.leshan.core.link.lwm2m.attributes.DefaultLwM2mAttributeParserTest" time="0.0"/>
  <testcase name="check_invalid_attributes(String)[37]" classname="org.eclipse.leshan.core.link.lwm2m.attributes.DefaultLwM2mAttributeParserTest" time="0.0"/>
  <testcase name="check_invalid_attributes(String)[38]" classname="org.eclipse.leshan.core.link.lwm2m.attributes.DefaultLwM2mAttributeParserTest" time="0.001"/>
  <testcase name="check_invalid_attributes(String)[39]" classname="org.eclipse.leshan.core.link.lwm2m.attributes.DefaultLwM2mAttributeParserTest" time="0.0"/>
  <testcase name="check_invalid_attributes(String)[40]" classname="org.eclipse.leshan.core.link.lwm2m.attributes.DefaultLwM2mAttributeParserTest" time="0.0"/>
</testsuite>